<?xml version="1.0" encoding="UTF-8"?>
<coverage generated="1686746970131" clover="3.2.0">
  <project timestamp="1686746970131" name="All files">
    <metrics statements="5" coveredstatements="4" conditionals="1" coveredconditionals="0" methods="3" coveredmethods="2" elements="9" coveredelements="6" complexity="0" loc="5" ncloc="5" packages="1" files="1" classes="1"/>
    <file name="filterHeroes.ts" path="/Users/IR6397/Project/AKSELERASI/vue-unit-testing/src/utils/filterHeroes.ts">
      <metrics statements="5" coveredstatements="4" conditionals="1" coveredconditionals="0" methods="3" coveredmethods="2"/>
      <line num="2" count="1" type="stmt"/>
      <line num="18" count="0" type="cond" truecount="0" falsecount="1"/>
      <line num="22" count="2" type="stmt"/>
      <line num="23" count="14" type="stmt"/>
      <line num="27" count="1" type="stmt"/>
    </file>
  </project>
</coverage>
