{"/Users/IR6397/Project/AKSELERASI/vue-unit-testing/src/utils/filterHeroes.ts": {"path":"/Users/IR6397/Project/AKSELERASI/vue-unit-testing/src/utils/filterHeroes.ts","statementMap":{"0":{"start":{"line":2,"column":15},"end":{"line":15,"column":2}},"1":{"start":{"line":18,"column":2},"end":{"line":18,"column":44}},"2":{"start":{"line":18,"column":17},"end":{"line":18,"column":44}},"3":{"start":{"line":27,"column":31},"end":{"line":27,"column":39}},"4":{"start":{"line":22,"column":2},"end":{"line":24,"column":5}},"5":{"start":{"line":23,"column":4},"end":{"line":23,"column":39}},"6":{"start":{"line":27,"column":9},"end":{"line":27,"column":29}}},"fnMap":{"0":{"name":"showBudi","decl":{"start":{"line":17,"column":9},"end":{"line":17,"column":17}},"loc":{"start":{"line":17,"column":36},"end":{"line":19,"column":1}}},"1":{"name":"getFlyingSuperHeroes","decl":{"start":{"line":21,"column":9},"end":{"line":21,"column":29}},"loc":{"start":{"line":21,"column":29},"end":{"line":25,"column":1}}},"2":{"name":"(anonymous_2)","decl":{"start":{"line":22,"column":23},"end":{"line":22,"column":24}},"loc":{"start":{"line":22,"column":32},"end":{"line":24,"column":3}}}},"branchMap":{"0":{"loc":{"start":{"line":18,"column":2},"end":{"line":18,"column":44}},"type":"if","locations":[{"start":{"line":18,"column":2},"end":{"line":18,"column":44}}]}},"s":{"0":1,"1":0,"2":0,"3":1,"4":2,"5":14,"6":1},"f":{"0":0,"1":2,"2":14},"b":{"0":[0]}}
}
